(0000) 3000  0011000000000000 (  53)                 .ORIG x3000
(3000) 54A0  0101010010100000 (  56) MAIN            AND   R2 R2 #0
(3001) E2ED  1110001011101101 (  57)                 LEA   R1 BUFFER
(3002) 26EB  0010011011101011 (  58)                 LD    R3 SIZE
(3003) 7440  0111010001000000 (  61) RESET           STR   R2 R1 #0
(3004) 1261  0001001001100001 (  62)                 ADD   R1 R1 #1
(3005) 16FF  0001011011111111 (  63)                 ADD   R3 R3 #-1
(3006) 03FC  0000001111111100 (  64)                 BRP   RESET
(3007) 0E00  0000111000000000 (  66)                 BRNZP USERINPUTA
(3008) E069  1110000001101001 (  70) USERINPUTA      LEA   R0 PROMPTA
(3009) F022  1111000000100010 (  71)                 TRAP  x22
(300A) F020  1111000000100000 (  73)                 TRAP  x20
(300B) F021  1111000000100001 (  74)                 TRAP  x21
(300C) 1836  0001100000110110 (  75)                 ADD   R4 R0 #-10
(300D) 1936  0001100100110110 (  76)                 ADD   R4 R4 #-10
(300E) 1936  0001100100110110 (  77)                 ADD   R4 R4 #-10
(300F) 1936  0001100100110110 (  78)                 ADD   R4 R4 #-10
(3010) 1936  0001100100110110 (  79)                 ADD   R4 R4 #-10
(3011) 1936  0001100100110110 (  80)                 ADD   R4 R4 #-10
(3012) 1938  0001100100111000 (  81)                 ADD   R4 R4 #-8
(3013) 0403  0000010000000011 (  82)                 BRZ   ENCRYPT
(3014) 193F  0001100100111111 (  83)                 ADD   R4 R4 #-1
(3015) 0406  0000010000000110 (  84)                 BRZ   DECRYPT
(3016) 0BF1  0000101111110001 (  85)                 BRNP  USERINPUTA
(3017) 5020  0101000000100000 (  87) ENCRYPT         AND   R0 R0 #0
(3018) 1021  0001000000100001 (  88)                 ADD   R0 R0 #1
(3019) E2C6  1110001011000110 (  89)                 LEA   R1 ACTION
(301A) 7040  0111000001000000 (  90)                 STR   R0 R1 #0
(301B) 0E05  0000111000000101 (  91)                 BRNZP USERINPUTB
(301C) 5020  0101000000100000 (  93) DECRYPT         AND   R0 R0 #0
(301D) 103F  0001000000111111 (  94)                 ADD   R0 R0 #-1
(301E) E2C1  1110001011000001 (  95)                 LEA   R1 ACTION
(301F) 7040  0111000001000000 (  96)                 STR   R0 R1 #0
(3020) 0E00  0000111000000000 (  97)                 BRNZP USERINPUTB
(3021) E0A1  1110000010100001 ( 101) USERINPUTB      LEA   R0 PROMPTB
(3022) F022  1111000000100010 ( 102)                 TRAP  x22
(3023) F020  1111000000100000 ( 103)                 TRAP  x20
(3024) F021  1111000000100001 ( 104)                 TRAP  x21
(3025) 1836  0001100000110110 ( 105)                 ADD   R4 R0 #-10
(3026) 1936  0001100100110110 ( 106)                 ADD   R4 R4 #-10
(3027) 1936  0001100100110110 ( 107)                 ADD   R4 R4 #-10
(3028) 1936  0001100100110110 ( 108)                 ADD   R4 R4 #-10
(3029) 1938  0001100100111000 ( 109)                 ADD   R4 R4 #-8
(302A) 0DF6  0000110111110110 ( 110)                 BRNZ  USERINPUTB
(302B) 1936  0001100100110110 ( 111)                 ADD   R4 R4 #-10
(302C) 07F4  0000011111110100 ( 112)                 BRZP  USERINPUTB
(302D) 192A  0001100100101010 ( 113)                 ADD   R4 R4 #10
(302E) E2B2  1110001010110010 ( 114)                 LEA   R1 KEY
(302F) 7840  0111100001000000 ( 115)                 STR   R4 R1 #0
(3030) 0E00  0000111000000000 ( 117)                 BRNZP USERINPUTC
(3031) E05D  1110000001011101 ( 121) USERINPUTC      LEA   R0 PROMPTC
(3032) F022  1111000000100010 ( 122)                 TRAP  x22
(3033) E2BB  1110001010111011 ( 123)                 LEA   R1 BUFFER
(3034) 5B60  0101101101100000 ( 124)                 AND   R5 R5 #0
(3035) F020  1111000000100000 ( 129) USERINPUTCI     TRAP  x20
(3036) 1836  0001100000110110 ( 130)                 ADD   R4 R0 #-10
(3037) 0414  0000010000010100 ( 131)                 BRZ   RESPONSE
(3038) 1838  0001100000111000 ( 133)                 ADD   R4 R0 #-8
(3039) 05FB  0000010111111011 ( 134)                 BRZ   USERINPUTCI
(303A) 1976  0001100101110110 ( 135)                 ADD   R4 R5 #-10
(303B) 1936  0001100100110110 ( 136)                 ADD   R4 R4 #-10
(303C) 07F8  0000011111111000 ( 137)                 BRZP  USERINPUTCI
(303D) 28A4  0010100010100100 ( 139)                 LD    R4 MIN
(303E) 993F  1001100100111111 ( 140)                 NOT   R4 R4
(303F) 1921  0001100100100001 ( 141)                 ADD   R4 R4 #1
(3040) 1804  0001100000000100 ( 142)                 ADD   R4 R0 R4
(3041) 09F3  0000100111110011 ( 143)                 BRN   USERINPUTCI
(3042) 28A0  0010100010100000 ( 145)                 LD    R4 MAX
(3043) 993F  1001100100111111 ( 146)                 NOT   R4 R4
(3044) 1921  0001100100100001 ( 147)                 ADD   R4 R4 #1
(3045) 1804  0001100000000100 ( 148)                 ADD   R4 R0 R4
(3046) 03EE  0000001111101110 ( 149)                 BRP   USERINPUTCI
(3047) F021  1111000000100001 ( 152)                 TRAP  x21
(3048) 7040  0111000001000000 ( 153)                 STR   R0 R1 #0
(3049) 1261  0001001001100001 ( 154)                 ADD   R1 R1 #1
(304A) 1B61  0001101101100001 ( 155)                 ADD   R5 R5 #1
(304B) 0FE9  0000111111101001 ( 156)                 BRNZP USERINPUTCI
(304C) 7440  0111010001000000 ( 159) RESPONSE        STR   R2 R1 #0
(304D) F021  1111000000100001 ( 160)                 TRAP  x21
(304E) E095  1110000010010101 ( 161)                 LEA   R0 RESPON
(304F) F022  1111000000100010 ( 162)                 TRAP  x22
(3050) E29E  1110001010011110 ( 164)                 LEA   R1 BUFFER
(3051) 6040  0110000001000000 ( 166) CRYPTO          LDR   R0 R1 #0
(3052) 041B  0000010000011011 ( 167)                 BRZ   FIN
(3053) 288C  0010100010001100 ( 170) DOACTION        LD    R4 ACTION
(3054) 080D  0000100000001101 ( 171)                 BRN   ECRYPTO
(3055) 0201  0000001000000001 ( 172)                 BRP   DCRYPTO
(3056) 05A9  0000010110101001 ( 173)                 BRZ   MAIN
(3057) 2689  0010011010001001 ( 175) DCRYPTO         LD    R3 KEY
(3058) 96FF  1001011011111111 ( 176)                 NOT   R3 R3
(3059) 16E1  0001011011100001 ( 177)                 ADD   R3 R3 #1
(305A) 1003  0001000000000011 ( 178)                 ADD   R0 R0 R3
(305B) 5421  0101010000100001 ( 180)                 AND   R2 R0 #1
(305C) 0201  0000001000000001 ( 181)                 BRP   DODD
(305D) 0402  0000010000000010 ( 182)                 BRZ   DEVEN
(305E) 103F  0001000000111111 ( 183) DODD            ADD   R0 R0 #-1
(305F) 0E01  0000111000000001 ( 184)                 BRNZP DENDFLIP
(3060) 1021  0001000000100001 ( 185) DEVEN           ADD   R0 R0 #1
(3061) 0E09  0000111000001001 ( 188) DENDFLIP        BRNZP ENDCRYPTO
(3062) 5421  0101010000100001 ( 190) ECRYPTO         AND   R2 R0 #1
(3063) 0201  0000001000000001 ( 191)                 BRP   EODD
(3064) 0402  0000010000000010 ( 192)                 BRZ   EEVEN
(3065) 103F  0001000000111111 ( 193) EODD            ADD   R0 R0 #-1
(3066) 0E01  0000111000000001 ( 194)                 BRNZP EENDFLIP
(3067) 1021  0001000000100001 ( 195) EEVEN           ADD   R0 R0 #1
(3068) 2678  0010011001111000 ( 197) EENDFLIP        LD    R3 KEY
(3069) 1003  0001000000000011 ( 198)                 ADD   R0 R0 R3
(306A) 0E00  0000111000000000 ( 199)                 BRNZP ENDCRYPTO
(306B) 7040  0111000001000000 ( 201) ENDCRYPTO       STR   R0 R1 #0
(306C) 1261  0001001001100001 ( 202)                 ADD   R1 R1 #1
(306D) 0FE3  0000111111100011 ( 203)                 BRNZP CRYPTO
(306E) E080  1110000010000000 ( 205) FIN             LEA   R0 BUFFER
(306F) F022  1111000000100010 ( 206)                 TRAP  x22
(3070) 0F8F  0000111110001111 ( 208)                 BRNZP MAIN
(3071) F025  1111000000100101 ( 210)                 TRAP  x25
(3072) 000A  0000000000001010 ( 215) PROMPTA         .FILL x000A
(3073) 0045  0000000001000101 ( 215)                 .FILL x0045
(3074) 006E  0000000001101110 ( 215)                 .FILL x006E
(3075) 0074  0000000001110100 ( 215)                 .FILL x0074
(3076) 0065  0000000001100101 ( 215)                 .FILL x0065
(3077) 0072  0000000001110010 ( 215)                 .FILL x0072
(3078) 0020  0000000000100000 ( 215)                 .FILL x0020
(3079) 0045  0000000001000101 ( 215)                 .FILL x0045
(307A) 0029  0000000000101001 ( 215)                 .FILL x0029
(307B) 006E  0000000001101110 ( 215)                 .FILL x006E
(307C) 0063  0000000001100011 ( 215)                 .FILL x0063
(307D) 0072  0000000001110010 ( 215)                 .FILL x0072
(307E) 0079  0000000001111001 ( 215)                 .FILL x0079
(307F) 0070  0000000001110000 ( 215)                 .FILL x0070
(3080) 0074  0000000001110100 ( 215)                 .FILL x0074
(3081) 0020  0000000000100000 ( 215)                 .FILL x0020
(3082) 006F  0000000001101111 ( 215)                 .FILL x006F
(3083) 0072  0000000001110010 ( 215)                 .FILL x0072
(3084) 0020  0000000000100000 ( 215)                 .FILL x0020
(3085) 0044  0000000001000100 ( 215)                 .FILL x0044
(3086) 0029  0000000000101001 ( 215)                 .FILL x0029
(3087) 0065  0000000001100101 ( 215)                 .FILL x0065
(3088) 0063  0000000001100011 ( 215)                 .FILL x0063
(3089) 0072  0000000001110010 ( 215)                 .FILL x0072
(308A) 0079  0000000001111001 ( 215)                 .FILL x0079
(308B) 0070  0000000001110000 ( 215)                 .FILL x0070
(308C) 0074  0000000001110100 ( 215)                 .FILL x0074
(308D) 000A  0000000000001010 ( 215)                 .FILL x000A
(308E) 0000  0000000000000000 ( 215)                 .FILL x0000
(308F) 000A  0000000000001010 ( 216) PROMPTC         .FILL x000A
(3090) 0045  0000000001000101 ( 216)                 .FILL x0045
(3091) 006E  0000000001101110 ( 216)                 .FILL x006E
(3092) 0074  0000000001110100 ( 216)                 .FILL x0074
(3093) 0065  0000000001100101 ( 216)                 .FILL x0065
(3094) 0072  0000000001110010 ( 216)                 .FILL x0072
(3095) 0020  0000000000100000 ( 216)                 .FILL x0020
(3096) 004D  0000000001001101 ( 216)                 .FILL x004D
(3097) 0065  0000000001100101 ( 216)                 .FILL x0065
(3098) 0073  0000000001110011 ( 216)                 .FILL x0073
(3099) 0073  0000000001110011 ( 216)                 .FILL x0073
(309A) 0061  0000000001100001 ( 216)                 .FILL x0061
(309B) 0067  0000000001100111 ( 216)                 .FILL x0067
(309C) 0065  0000000001100101 ( 216)                 .FILL x0065
(309D) 0020  0000000000100000 ( 216)                 .FILL x0020
(309E) 0028  0000000000101000 ( 216)                 .FILL x0028
(309F) 003C  0000000000111100 ( 216)                 .FILL x003C
(30A0) 0032  0000000000110010 ( 216)                 .FILL x0032
(30A1) 0030  0000000000110000 ( 216)                 .FILL x0030
(30A2) 0020  0000000000100000 ( 216)                 .FILL x0020
(30A3) 0063  0000000001100011 ( 216)                 .FILL x0063
(30A4) 0068  0000000001101000 ( 216)                 .FILL x0068
(30A5) 0061  0000000001100001 ( 216)                 .FILL x0061
(30A6) 0072  0000000001110010 ( 216)                 .FILL x0072
(30A7) 002C  0000000000101100 ( 216)                 .FILL x002C
(30A8) 0020  0000000000100000 ( 216)                 .FILL x0020
(30A9) 0070  0000000001110000 ( 216)                 .FILL x0070
(30AA) 0072  0000000001110010 ( 216)                 .FILL x0072
(30AB) 0065  0000000001100101 ( 216)                 .FILL x0065
(30AC) 0073  0000000001110011 ( 216)                 .FILL x0073
(30AD) 0073  0000000001110011 ( 216)                 .FILL x0073
(30AE) 0020  0000000000100000 ( 216)                 .FILL x0020
(30AF) 003C  0000000000111100 ( 216)                 .FILL x003C
(30B0) 0045  0000000001000101 ( 216)                 .FILL x0045
(30B1) 004E  0000000001001110 ( 216)                 .FILL x004E
(30B2) 0054  0000000001010100 ( 216)                 .FILL x0054
(30B3) 0045  0000000001000101 ( 216)                 .FILL x0045
(30B4) 0052  0000000001010010 ( 216)                 .FILL x0052
(30B5) 003E  0000000000111110 ( 216)                 .FILL x003E
(30B6) 0020  0000000000100000 ( 216)                 .FILL x0020
(30B7) 0077  0000000001110111 ( 216)                 .FILL x0077
(30B8) 0068  0000000001101000 ( 216)                 .FILL x0068
(30B9) 0065  0000000001100101 ( 216)                 .FILL x0065
(30BA) 006E  0000000001101110 ( 216)                 .FILL x006E
(30BB) 0020  0000000000100000 ( 216)                 .FILL x0020
(30BC) 0064  0000000001100100 ( 216)                 .FILL x0064
(30BD) 006F  0000000001101111 ( 216)                 .FILL x006F
(30BE) 006E  0000000001101110 ( 216)                 .FILL x006E
(30BF) 0065  0000000001100101 ( 216)                 .FILL x0065
(30C0) 0029  0000000000101001 ( 216)                 .FILL x0029
(30C1) 000A  0000000000001010 ( 216)                 .FILL x000A
(30C2) 0000  0000000000000000 ( 216)                 .FILL x0000
(30C3) 000A  0000000000001010 ( 217) PROMPTB         .FILL x000A
(30C4) 0045  0000000001000101 ( 217)                 .FILL x0045
(30C5) 006E  0000000001101110 ( 217)                 .FILL x006E
(30C6) 0074  0000000001110100 ( 217)                 .FILL x0074
(30C7) 0065  0000000001100101 ( 217)                 .FILL x0065
(30C8) 0072  0000000001110010 ( 217)                 .FILL x0072
(30C9) 0020  0000000000100000 ( 217)                 .FILL x0020
(30CA) 0045  0000000001000101 ( 217)                 .FILL x0045
(30CB) 006E  0000000001101110 ( 217)                 .FILL x006E
(30CC) 0063  0000000001100011 ( 217)                 .FILL x0063
(30CD) 0072  0000000001110010 ( 217)                 .FILL x0072
(30CE) 0079  0000000001111001 ( 217)                 .FILL x0079
(30CF) 0070  0000000001110000 ( 217)                 .FILL x0070
(30D0) 0074  0000000001110100 ( 217)                 .FILL x0074
(30D1) 0069  0000000001101001 ( 217)                 .FILL x0069
(30D2) 006F  0000000001101111 ( 217)                 .FILL x006F
(30D3) 006E  0000000001101110 ( 217)                 .FILL x006E
(30D4) 0020  0000000000100000 ( 217)                 .FILL x0020
(30D5) 004B  0000000001001011 ( 217)                 .FILL x004B
(30D6) 0065  0000000001100101 ( 217)                 .FILL x0065
(30D7) 0079  0000000001111001 ( 217)                 .FILL x0079
(30D8) 0020  0000000000100000 ( 217)                 .FILL x0020
(30D9) 0028  0000000000101000 ( 217)                 .FILL x0028
(30DA) 0031  0000000000110001 ( 217)                 .FILL x0031
(30DB) 002D  0000000000101101 ( 217)                 .FILL x002D
(30DC) 0039  0000000000111001 ( 217)                 .FILL x0039
(30DD) 0029  0000000000101001 ( 217)                 .FILL x0029
(30DE) 000A  0000000000001010 ( 217)                 .FILL x000A
(30DF) 0000  0000000000000000 ( 217)                 .FILL x0000
(30E0) 0000  0000000000000000 ( 218) ACTION          .FILL x0000
(30E1) 0000  0000000000000000 ( 219) KEY             .FILL x0000
(30E2) 0020  0000000000100000 ( 221) MIN             .FILL x0020
(30E3) 005A  0000000001011010 ( 222) MAX             .FILL x005A
(30E4) 000A  0000000000001010 ( 228) RESPON          .FILL x000A
(30E5) 0052  0000000001010010 ( 228)                 .FILL x0052
(30E6) 0065  0000000001100101 ( 228)                 .FILL x0065
(30E7) 0073  0000000001110011 ( 228)                 .FILL x0073
(30E8) 0075  0000000001110101 ( 228)                 .FILL x0075
(30E9) 006C  0000000001101100 ( 228)                 .FILL x006C
(30EA) 0074  0000000001110100 ( 228)                 .FILL x0074
(30EB) 003A  0000000000111010 ( 228)                 .FILL x003A
(30EC) 0020  0000000000100000 ( 228)                 .FILL x0020
(30ED) 0000  0000000000000000 ( 228)                 .FILL x0000
(30EE) 0014  0000000000010100 ( 229) SIZE            .FILL x0014
(30EF) 0000  0000000000000000 ( 231) BUFFER          .FILL x0000
(30F0) 0000  0000000000000000 ( 231)                 .FILL x0000
(30F1) 0000  0000000000000000 ( 231)                 .FILL x0000
(30F2) 0000  0000000000000000 ( 231)                 .FILL x0000
(30F3) 0000  0000000000000000 ( 231)                 .FILL x0000
(30F4) 0000  0000000000000000 ( 231)                 .FILL x0000
(30F5) 0000  0000000000000000 ( 231)                 .FILL x0000
(30F6) 0000  0000000000000000 ( 231)                 .FILL x0000
(30F7) 0000  0000000000000000 ( 231)                 .FILL x0000
(30F8) 0000  0000000000000000 ( 231)                 .FILL x0000
(30F9) 0000  0000000000000000 ( 231)                 .FILL x0000
(30FA) 0000  0000000000000000 ( 231)                 .FILL x0000
(30FB) 0000  0000000000000000 ( 231)                 .FILL x0000
(30FC) 0000  0000000000000000 ( 231)                 .FILL x0000
(30FD) 0000  0000000000000000 ( 231)                 .FILL x0000
(30FE) 0000  0000000000000000 ( 231)                 .FILL x0000
(30FF) 0000  0000000000000000 ( 231)                 .FILL x0000
(3100) 0000  0000000000000000 ( 231)                 .FILL x0000
(3101) 0000  0000000000000000 ( 231)                 .FILL x0000
(3102) 0000  0000000000000000 ( 231)                 .FILL x0000
(3103) 0000  0000000000000000 ( 231)                 .FILL x0000
