(0000) 3000  0011000000000000 (   7)                 .ORIG x3000
(3000) 2212  0010001000010010 (   9)                 LD    R1 R1value
(3001) 2412  0010010000010010 (  10)                 LD    R2 R2value
(3002) 2812  0010100000010010 (  11)                 LD    R4 R4value
(3003) 10A0  0001000010100000 (  14)                 ADD   R0 R2 #0
(3004) 480A  0100100000001010 (  15)                 JSR   TwosComp
(3005) 1640  0001011001000000 (  16)                 ADD   R3 R1 R0
(3006) 0000  0000000000000000 (  18)                 BRNOP x3007
(3007) 1120  0001000100100000 (  21)                 ADD   R0 R4 #0
(3008) 2C04  0010110000000100 (  22)                 LD    R6 TC_Adr
(3009) 4180  0100000110000000 (  23)                 JSRR  R6
(300A) 1AC0  0001101011000000 (  24)                 ADD   R5 R3 R0
(300B) F025  1111000000100101 (  27)                 TRAP  x25
(300C) 0000  0000000000000000 (  28)                 BRNOP x300D
(300D) 300F  0011000000001111 (  32) TC_Adr          .FILL x300F
(300E) 0000  0000000000000000 (  34)                 BRNOP x300F
(300F) 903F  1001000000111111 (  42) TwosComp        NOT   R0 R0
(3010) 1021  0001000000100001 (  43)                 ADD   R0 R0 #1
(3011) C1C0  1100000111000000 (  44)                 RET   
(3012) 0000  0000000000000000 (  46)                 BRNOP x3013
(3013) 0009  0000000000001001 (  48) R1value         .FILL x0009
(3014) 0002  0000000000000010 (  49) R2value         .FILL x0002
(3015) 0004  0000000000000100 (  50) R4value         .FILL x0004
