(0000) 3000  0011000000000000 (  37)                 .ORIG x3000
(3000) E0AD  1110000010101101 (  38) MAIN            LEA   R0 WELCOME
(3001) F022  1111000000100010 (  39)                 TRAP  x22
(3002) 20EA  0010000011101010 (  40)                 LD    R0 NEWLINE
(3003) F021  1111000000100001 (  41)                 TRAP  x21
(3004) 241F  0010010000011111 (  42)                 LD    R2 INITBOARD_ADDR
(3005) 4080  0100000010000000 (  43)                 JSRR  R2
(3006) 2421  0010010000100001 (  44)                 LD    R2 DRAWBOARD_ADDR
(3007) 4080  0100000010000000 (  45)                 JSRR  R2
(3008) 241C  0010010000011100 (  46)                 LD    R2 EVALBOARD_ADDR
(3009) 4080  0100000010000000 (  47)                 JSRR  R2
(300A) 1260  0001001001100000 (  55) CHECK           ADD   R1 R1 #0
(300B) 020F  0000001000001111 (  56)                 BRP   GAMEOVER
(300C) 2419  0010010000011001 (  57) MOVE            LD    R2 GETVALIDINPUT_ADDR
(300D) 4080  0100000010000000 (  58)                 JSRR  R2
(300E) 20DC  0010000011011100 (  62)                 LD    R0 NEG_ASCII_x
(300F) 1001  0001000000000001 (  63)                 ADD   R0 R0 R1
(3010) 0410  0000010000010000 (  64)                 BRZ   FINALMESSAGE
(3011) 20D8  0010000011011000 (  66)                 LD    R0 NEG_ASCII_q
(3012) 1001  0001000000000001 (  67)                 ADD   R0 R0 R1
(3013) 0409  0000010000001001 (  68)                 BRZ   CONTMESSAGE
(3014) 2412  0010010000010010 (  70)                 LD    R2 UPDATEBOARD_ADDR
(3015) 4080  0100000010000000 (  71)                 JSRR  R2
(3016) 2411  0010010000010001 (  73)                 LD    R2 DRAWBOARD_ADDR
(3017) 4080  0100000010000000 (  74)                 JSRR  R2
(3018) 240C  0010010000001100 (  76)                 LD    R2 EVALBOARD_ADDR
(3019) 4080  0100000010000000 (  77)                 JSRR  R2
(301A) 0FEF  0000111111101111 (  78)                 BRNZP CHECK
(301B) 240D  0010010000001101 (  79) GAMEOVER        LD    R2 PRINTOUTCOME_ADDR
(301C) 4080  0100000010000000 (  80)                 JSRR  R2
(301D) E0D0  1110000011010000 (  81) CONTMESSAGE     LEA   R0 PLAYAGAIN
(301E) F022  1111000000100010 (  82)                 TRAP  x22
(301F) F020  1111000000100000 (  83)                 TRAP  x20
(3020) 0FDF  0000111111011111 (  84)                 BRNZP MAIN
(3021) E0A4  1110000010100100 (  85) FINALMESSAGE    LEA   R0 THANKS
(3022) F022  1111000000100010 (  86)                 TRAP  x22
(3023) F025  1111000000100101 (  87)                 TRAP  x25
(3024) 31BB  0011000110111011 (  91) INITBOARD_ADDR  .FILL x31BB
(3025) 3121  0011000100100001 (  92) EVALBOARD_ADDR  .FILL x3121
(3026) 321A  0011001000011010 (  93) GETVALIDINPUT_ADDR .FILL x321A
(3027) 3200  0011001000000000 (  94) UPDATEBOARD_ADDR .FILL x3200
(3028) 3294  0011001010010100 (  95) DRAWBOARD_ADDR  .FILL x3294
(3029) 32BA  0011001010111010 (  96) PRINTOUTCOME_ADDR .FILL x32BA
(302A) 0020  0000000000100000 ( 100) ROW1            .FILL x0020
(302B) 0020  0000000000100000 ( 100)                 .FILL x0020
(302C) 0020  0000000000100000 ( 100)                 .FILL x0020
(302D) 007C  0000000001111100 ( 100)                 .FILL x007C
(302E) 0020  0000000000100000 ( 100)                 .FILL x0020
(302F) 0020  0000000000100000 ( 100)                 .FILL x0020
(3030) 0020  0000000000100000 ( 100)                 .FILL x0020
(3031) 007C  0000000001111100 ( 100)                 .FILL x007C
(3032) 0020  0000000000100000 ( 100)                 .FILL x0020
(3033) 0020  0000000000100000 ( 100)                 .FILL x0020
(3034) 0020  0000000000100000 ( 100)                 .FILL x0020
(3035) 0000  0000000000000000 ( 100)                 .FILL x0000
(3036) 0020  0000000000100000 ( 101) ROW2            .FILL x0020
(3037) 0020  0000000000100000 ( 101)                 .FILL x0020
(3038) 0020  0000000000100000 ( 101)                 .FILL x0020
(3039) 007C  0000000001111100 ( 101)                 .FILL x007C
(303A) 0020  0000000000100000 ( 101)                 .FILL x0020
(303B) 0020  0000000000100000 ( 101)                 .FILL x0020
(303C) 0020  0000000000100000 ( 101)                 .FILL x0020
(303D) 007C  0000000001111100 ( 101)                 .FILL x007C
(303E) 0020  0000000000100000 ( 101)                 .FILL x0020
(303F) 0020  0000000000100000 ( 101)                 .FILL x0020
(3040) 0020  0000000000100000 ( 101)                 .FILL x0020
(3041) 0000  0000000000000000 ( 101)                 .FILL x0000
(3042) 0020  0000000000100000 ( 102) ROW3            .FILL x0020
(3043) 0020  0000000000100000 ( 102)                 .FILL x0020
(3044) 0020  0000000000100000 ( 102)                 .FILL x0020
(3045) 007C  0000000001111100 ( 102)                 .FILL x007C
(3046) 0020  0000000000100000 ( 102)                 .FILL x0020
(3047) 0020  0000000000100000 ( 102)                 .FILL x0020
(3048) 0020  0000000000100000 ( 102)                 .FILL x0020
(3049) 007C  0000000001111100 ( 102)                 .FILL x007C
(304A) 0020  0000000000100000 ( 102)                 .FILL x0020
(304B) 0020  0000000000100000 ( 102)                 .FILL x0020
(304C) 0020  0000000000100000 ( 102)                 .FILL x0020
(304D) 0000  0000000000000000 ( 102)                 .FILL x0000
(304E) 002D  0000000000101101 ( 103) ROW4            .FILL x002D
(304F) 002D  0000000000101101 ( 103)                 .FILL x002D
(3050) 002D  0000000000101101 ( 103)                 .FILL x002D
(3051) 002D  0000000000101101 ( 103)                 .FILL x002D
(3052) 002D  0000000000101101 ( 103)                 .FILL x002D
(3053) 002D  0000000000101101 ( 103)                 .FILL x002D
(3054) 002D  0000000000101101 ( 103)                 .FILL x002D
(3055) 002D  0000000000101101 ( 103)                 .FILL x002D
(3056) 002D  0000000000101101 ( 103)                 .FILL x002D
(3057) 002D  0000000000101101 ( 103)                 .FILL x002D
(3058) 002D  0000000000101101 ( 103)                 .FILL x002D
(3059) 0000  0000000000000000 ( 103)                 .FILL x0000
(305A) 0020  0000000000100000 ( 104) ROW5            .FILL x0020
(305B) 0020  0000000000100000 ( 104)                 .FILL x0020
(305C) 0020  0000000000100000 ( 104)                 .FILL x0020
(305D) 007C  0000000001111100 ( 104)                 .FILL x007C
(305E) 0020  0000000000100000 ( 104)                 .FILL x0020
(305F) 0020  0000000000100000 ( 104)                 .FILL x0020
(3060) 0020  0000000000100000 ( 104)                 .FILL x0020
(3061) 007C  0000000001111100 ( 104)                 .FILL x007C
(3062) 0020  0000000000100000 ( 104)                 .FILL x0020
(3063) 0020  0000000000100000 ( 104)                 .FILL x0020
(3064) 0020  0000000000100000 ( 104)                 .FILL x0020
(3065) 0000  0000000000000000 ( 104)                 .FILL x0000
(3066) 0020  0000000000100000 ( 105) ROW6            .FILL x0020
(3067) 0020  0000000000100000 ( 105)                 .FILL x0020
(3068) 0020  0000000000100000 ( 105)                 .FILL x0020
(3069) 007C  0000000001111100 ( 105)                 .FILL x007C
(306A) 0020  0000000000100000 ( 105)                 .FILL x0020
(306B) 0020  0000000000100000 ( 105)                 .FILL x0020
(306C) 0020  0000000000100000 ( 105)                 .FILL x0020
(306D) 007C  0000000001111100 ( 105)                 .FILL x007C
(306E) 0020  0000000000100000 ( 105)                 .FILL x0020
(306F) 0020  0000000000100000 ( 105)                 .FILL x0020
(3070) 0020  0000000000100000 ( 105)                 .FILL x0020
(3071) 0000  0000000000000000 ( 105)                 .FILL x0000
(3072) 0020  0000000000100000 ( 106) ROW7            .FILL x0020
(3073) 0020  0000000000100000 ( 106)                 .FILL x0020
(3074) 0020  0000000000100000 ( 106)                 .FILL x0020
(3075) 007C  0000000001111100 ( 106)                 .FILL x007C
(3076) 0020  0000000000100000 ( 106)                 .FILL x0020
(3077) 0020  0000000000100000 ( 106)                 .FILL x0020
(3078) 0020  0000000000100000 ( 106)                 .FILL x0020
(3079) 007C  0000000001111100 ( 106)                 .FILL x007C
(307A) 0020  0000000000100000 ( 106)                 .FILL x0020
(307B) 0020  0000000000100000 ( 106)                 .FILL x0020
(307C) 0020  0000000000100000 ( 106)                 .FILL x0020
(307D) 0000  0000000000000000 ( 106)                 .FILL x0000
(307E) 002D  0000000000101101 ( 107) ROW8            .FILL x002D
(307F) 002D  0000000000101101 ( 107)                 .FILL x002D
(3080) 002D  0000000000101101 ( 107)                 .FILL x002D
(3081) 002D  0000000000101101 ( 107)                 .FILL x002D
(3082) 002D  0000000000101101 ( 107)                 .FILL x002D
(3083) 002D  0000000000101101 ( 107)                 .FILL x002D
(3084) 002D  0000000000101101 ( 107)                 .FILL x002D
(3085) 002D  0000000000101101 ( 107)                 .FILL x002D
(3086) 002D  0000000000101101 ( 107)                 .FILL x002D
(3087) 002D  0000000000101101 ( 107)                 .FILL x002D
(3088) 002D  0000000000101101 ( 107)                 .FILL x002D
(3089) 0000  0000000000000000 ( 107)                 .FILL x0000
(308A) 0020  0000000000100000 ( 108) ROW9            .FILL x0020
(308B) 0020  0000000000100000 ( 108)                 .FILL x0020
(308C) 0020  0000000000100000 ( 108)                 .FILL x0020
(308D) 007C  0000000001111100 ( 108)                 .FILL x007C
(308E) 0020  0000000000100000 ( 108)                 .FILL x0020
(308F) 0020  0000000000100000 ( 108)                 .FILL x0020
(3090) 0020  0000000000100000 ( 108)                 .FILL x0020
(3091) 007C  0000000001111100 ( 108)                 .FILL x007C
(3092) 0020  0000000000100000 ( 108)                 .FILL x0020
(3093) 0020  0000000000100000 ( 108)                 .FILL x0020
(3094) 0020  0000000000100000 ( 108)                 .FILL x0020
(3095) 0000  0000000000000000 ( 108)                 .FILL x0000
(3096) 0020  0000000000100000 ( 109) ROW10           .FILL x0020
(3097) 0020  0000000000100000 ( 109)                 .FILL x0020
(3098) 0020  0000000000100000 ( 109)                 .FILL x0020
(3099) 007C  0000000001111100 ( 109)                 .FILL x007C
(309A) 0020  0000000000100000 ( 109)                 .FILL x0020
(309B) 0020  0000000000100000 ( 109)                 .FILL x0020
(309C) 0020  0000000000100000 ( 109)                 .FILL x0020
(309D) 007C  0000000001111100 ( 109)                 .FILL x007C
(309E) 0020  0000000000100000 ( 109)                 .FILL x0020
(309F) 0020  0000000000100000 ( 109)                 .FILL x0020
(30A0) 0020  0000000000100000 ( 109)                 .FILL x0020
(30A1) 0000  0000000000000000 ( 109)                 .FILL x0000
(30A2) 0020  0000000000100000 ( 110) ROW11           .FILL x0020
(30A3) 0020  0000000000100000 ( 110)                 .FILL x0020
(30A4) 0020  0000000000100000 ( 110)                 .FILL x0020
(30A5) 007C  0000000001111100 ( 110)                 .FILL x007C
(30A6) 0020  0000000000100000 ( 110)                 .FILL x0020
(30A7) 0020  0000000000100000 ( 110)                 .FILL x0020
(30A8) 0020  0000000000100000 ( 110)                 .FILL x0020
(30A9) 007C  0000000001111100 ( 110)                 .FILL x007C
(30AA) 0020  0000000000100000 ( 110)                 .FILL x0020
(30AB) 0020  0000000000100000 ( 110)                 .FILL x0020
(30AC) 0020  0000000000100000 ( 110)                 .FILL x0020
(30AD) 0000  0000000000000000 ( 110)                 .FILL x0000
(30AE) 000A  0000000000001010 ( 111) WELCOME         .FILL x000A
(30AF) 0057  0000000001010111 ( 111)                 .FILL x0057
(30B0) 0065  0000000001100101 ( 111)                 .FILL x0065
(30B1) 006C  0000000001101100 ( 111)                 .FILL x006C
(30B2) 0063  0000000001100011 ( 111)                 .FILL x0063
(30B3) 006F  0000000001101111 ( 111)                 .FILL x006F
(30B4) 006D  0000000001101101 ( 111)                 .FILL x006D
(30B5) 0065  0000000001100101 ( 111)                 .FILL x0065
(30B6) 0020  0000000000100000 ( 111)                 .FILL x0020
(30B7) 0074  0000000001110100 ( 111)                 .FILL x0074
(30B8) 006F  0000000001101111 ( 111)                 .FILL x006F
(30B9) 0020  0000000000100000 ( 111)                 .FILL x0020
(30BA) 0054  0000000001010100 ( 111)                 .FILL x0054
(30BB) 0069  0000000001101001 ( 111)                 .FILL x0069
(30BC) 0063  0000000001100011 ( 111)                 .FILL x0063
(30BD) 002D  0000000000101101 ( 111)                 .FILL x002D
(30BE) 0054  0000000001010100 ( 111)                 .FILL x0054
(30BF) 0061  0000000001100001 ( 111)                 .FILL x0061
(30C0) 0063  0000000001100011 ( 111)                 .FILL x0063
(30C1) 002D  0000000000101101 ( 111)                 .FILL x002D
(30C2) 0054  0000000001010100 ( 111)                 .FILL x0054
(30C3) 006F  0000000001101111 ( 111)                 .FILL x006F
(30C4) 0065  0000000001100101 ( 111)                 .FILL x0065
(30C5) 0000  0000000000000000 ( 111)                 .FILL x0000
(30C6) 0054  0000000001010100 ( 112) THANKS          .FILL x0054
(30C7) 0068  0000000001101000 ( 112)                 .FILL x0068
(30C8) 0061  0000000001100001 ( 112)                 .FILL x0061
(30C9) 006E  0000000001101110 ( 112)                 .FILL x006E
(30CA) 006B  0000000001101011 ( 112)                 .FILL x006B
(30CB) 0073  0000000001110011 ( 112)                 .FILL x0073
(30CC) 0020  0000000000100000 ( 112)                 .FILL x0020
(30CD) 0066  0000000001100110 ( 112)                 .FILL x0066
(30CE) 006F  0000000001101111 ( 112)                 .FILL x006F
(30CF) 0072  0000000001110010 ( 112)                 .FILL x0072
(30D0) 0020  0000000000100000 ( 112)                 .FILL x0020
(30D1) 0070  0000000001110000 ( 112)                 .FILL x0070
(30D2) 006C  0000000001101100 ( 112)                 .FILL x006C
(30D3) 0061  0000000001100001 ( 112)                 .FILL x0061
(30D4) 0079  0000000001111001 ( 112)                 .FILL x0079
(30D5) 0069  0000000001101001 ( 112)                 .FILL x0069
(30D6) 006E  0000000001101110 ( 112)                 .FILL x006E
(30D7) 0067  0000000001100111 ( 112)                 .FILL x0067
(30D8) 0020  0000000000100000 ( 112)                 .FILL x0020
(30D9) 0054  0000000001010100 ( 112)                 .FILL x0054
(30DA) 0069  0000000001101001 ( 112)                 .FILL x0069
(30DB) 0063  0000000001100011 ( 112)                 .FILL x0063
(30DC) 002D  0000000000101101 ( 112)                 .FILL x002D
(30DD) 0054  0000000001010100 ( 112)                 .FILL x0054
(30DE) 0061  0000000001100001 ( 112)                 .FILL x0061
(30DF) 0063  0000000001100011 ( 112)                 .FILL x0063
(30E0) 002D  0000000000101101 ( 112)                 .FILL x002D
(30E1) 0054  0000000001010100 ( 112)                 .FILL x0054
(30E2) 006F  0000000001101111 ( 112)                 .FILL x006F
(30E3) 0065  0000000001100101 ( 112)                 .FILL x0065
(30E4) 000A  0000000000001010 ( 112)                 .FILL x000A
(30E5) 0000  0000000000000000 ( 112)                 .FILL x0000
(30E6) 0058  0000000001011000 ( 113) ASCII_X         .FILL x0058
(30E7) 004F  0000000001001111 ( 114) ASCII_O         .FILL x004F
(30E8) FFA8  1111111110101000 ( 115) NEG_ASCII_X     .FILL xFFA8
(30E9) FFB1  1111111110110001 ( 116) NEG_ASCII_O     .FILL xFFB1
(30EA) FF8F  1111111110001111 ( 117) NEG_ASCII_q     .FILL xFF8F
(30EB) FF88  1111111110001000 ( 118) NEG_ASCII_x     .FILL xFF88
(30EC) FFE0  1111111111100000 ( 119) NEG_ASCII_SP    .FILL xFFE0
(30ED) 000A  0000000000001010 ( 120) NEWLINE         .FILL x000A
(30EE) 0050  0000000001010000 ( 121) PLAYAGAIN       .FILL x0050
(30EF) 0072  0000000001110010 ( 121)                 .FILL x0072
(30F0) 0065  0000000001100101 ( 121)                 .FILL x0065
(30F1) 0073  0000000001110011 ( 121)                 .FILL x0073
(30F2) 0073  0000000001110011 ( 121)                 .FILL x0073
(30F3) 0020  0000000000100000 ( 121)                 .FILL x0020
(30F4) 0061  0000000001100001 ( 121)                 .FILL x0061
(30F5) 006E  0000000001101110 ( 121)                 .FILL x006E
(30F6) 0079  0000000001111001 ( 121)                 .FILL x0079
(30F7) 0020  0000000000100000 ( 121)                 .FILL x0020
(30F8) 006B  0000000001101011 ( 121)                 .FILL x006B
(30F9) 0065  0000000001100101 ( 121)                 .FILL x0065
(30FA) 0079  0000000001111001 ( 121)                 .FILL x0079
(30FB) 0020  0000000000100000 ( 121)                 .FILL x0020
(30FC) 0074  0000000001110100 ( 121)                 .FILL x0074
(30FD) 006F  0000000001101111 ( 121)                 .FILL x006F
(30FE) 0020  0000000000100000 ( 121)                 .FILL x0020
(30FF) 0070  0000000001110000 ( 121)                 .FILL x0070
(3100) 006C  0000000001101100 ( 121)                 .FILL x006C
(3101) 0061  0000000001100001 ( 121)                 .FILL x0061
(3102) 0079  0000000001111001 ( 121)                 .FILL x0079
(3103) 0020  0000000000100000 ( 121)                 .FILL x0020
(3104) 0061  0000000001100001 ( 121)                 .FILL x0061
(3105) 006E  0000000001101110 ( 121)                 .FILL x006E
(3106) 006F  0000000001101111 ( 121)                 .FILL x006F
(3107) 0074  0000000001110100 ( 121)                 .FILL x0074
(3108) 0068  0000000001101000 ( 121)                 .FILL x0068
(3109) 0065  0000000001100101 ( 121)                 .FILL x0065
(310A) 0072  0000000001110010 ( 121)                 .FILL x0072
(310B) 0020  0000000000100000 ( 121)                 .FILL x0020
(310C) 0067  0000000001100111 ( 121)                 .FILL x0067
(310D) 0061  0000000001100001 ( 121)                 .FILL x0061
(310E) 006D  0000000001101101 ( 121)                 .FILL x006D
(310F) 0065  0000000001100101 ( 121)                 .FILL x0065
(3110) 0020  0000000000100000 ( 121)                 .FILL x0020
(3111) 006F  0000000001101111 ( 121)                 .FILL x006F
(3112) 0066  0000000001100110 ( 121)                 .FILL x0066
(3113) 0020  0000000000100000 ( 121)                 .FILL x0020
(3114) 0054  0000000001010100 ( 121)                 .FILL x0054
(3115) 0069  0000000001101001 ( 121)                 .FILL x0069
(3116) 0063  0000000001100011 ( 121)                 .FILL x0063
(3117) 002D  0000000000101101 ( 121)                 .FILL x002D
(3118) 0054  0000000001010100 ( 121)                 .FILL x0054
(3119) 0061  0000000001100001 ( 121)                 .FILL x0061
(311A) 0063  0000000001100011 ( 121)                 .FILL x0063
(311B) 002D  0000000000101101 ( 121)                 .FILL x002D
(311C) 0054  0000000001010100 ( 121)                 .FILL x0054
(311D) 006F  0000000001101111 ( 121)                 .FILL x006F
(311E) 0065  0000000001100101 ( 121)                 .FILL x0065
(311F) 000A  0000000000001010 ( 121)                 .FILL x000A
(3120) 0000  0000000000000000 ( 121)                 .FILL x0000
(3121) 3092  0011000010010010 ( 136) EVALBOARD       ST    R0 EV_R0
(3122) 3492  0011010010010010 ( 137)                 ST    R2 EV_R2
(3123) 3692  0011011010010010 ( 138)                 ST    R3 EV_R3
(3124) 3892  0011100010010010 ( 139)                 ST    R4 EV_R4
(3125) 3A92  0011101010010010 ( 140)                 ST    R5 EV_R5
(3126) 3C92  0011110010010010 ( 141)                 ST    R6 EV_R6
(3127) 3E92  0011111010010010 ( 142)                 ST    R7 EV_R7
(3128) 20C7  0010000011000111 ( 146)                 LD    R0 SQRCENTERS_ADDR
(3129) 103F  0001000000111111 ( 147)                 ADD   R0 R0 #-1
(312A) 54A0  0101010010100000 ( 154)                 AND   R2 R2 #0
(312B) 14A9  0001010010101001 ( 155)                 ADD   R2 R2 #9
(312C) 27BF  0010011110111111 ( 156)                 LD    R3 NEG_ASCII_SP
(312D) 5920  0101100100100000 ( 157)                 AND   R4 R4 #0
(312E) 1A02  0001101000000010 ( 158) EV_LOOP         ADD   R5 R0 R2
(312F) 6B40  0110101101000000 ( 159)                 LDR   R5 R5 #0
(3130) 6B40  0110101101000000 ( 160)                 LDR   R5 R5 #0
(3131) 1B43  0001101101000011 ( 161)                 ADD   R5 R5 R3
(3132) 0403  0000010000000011 ( 162)                 BRZ   EV_FOUNDSPACE
(3133) 14BF  0001010010111111 ( 163)                 ADD   R2 R2 #-1
(3134) 03F9  0000001111111001 ( 164)                 BRP   EV_LOOP
(3135) 0E01  0000111000000001 ( 165)                 BRNZP EV_NOSPACE
(3136) 1921  0001100100100001 ( 166) EV_FOUNDSPACE   ADD   R4 R4 #1
(3137) 387B  0011100001111011 ( 167) EV_NOSPACE      ST    R4 EV_FULLBOARD
(3138) 5260  0101001001100000 ( 171)                 AND   R1 R1 #0
(3139) 1425  0001010000100101 ( 172)                 ADD   R2 R0 #5
(313A) 6480  0110010010000000 ( 173)                 LDR   R2 R2 #0
(313B) 6480  0110010010000000 ( 174)                 LDR   R2 R2 #0
(313C) 27AF  0010011110101111 ( 175)                 LD    R3 NEG_ASCII_SP
(313D) 16C2  0001011011000010 ( 176)                 ADD   R3 R3 R2
(313E) 042A  0000010000101010 ( 177)                 BRZ   EV_CHECK5
(313F) 96BF  1001011010111111 ( 179)                 NOT   R3 R2
(3140) 16E1  0001011011100001 ( 180)                 ADD   R3 R3 #1
(3141) 1424  0001010000100100 ( 181) EV_CHECK1       ADD   R2 R0 #4
(3142) 6480  0110010010000000 ( 182)                 LDR   R2 R2 #0
(3143) 6480  0110010010000000 ( 183)                 LDR   R2 R2 #0
(3144) 1483  0001010010000011 ( 184)                 ADD   R2 R2 R3
(3145) 0A05  0000101000000101 ( 185)                 BRNP  EV_CHECK2
(3146) 1426  0001010000100110 ( 186)                 ADD   R2 R0 #6
(3147) 6480  0110010010000000 ( 187)                 LDR   R2 R2 #0
(3148) 6480  0110010010000000 ( 188)                 LDR   R2 R2 #0
(3149) 1483  0001010010000011 ( 189)                 ADD   R2 R2 R3
(314A) 045A  0000010001011010 ( 190)                 BRZ   EV_WINNER
(314B) 1422  0001010000100010 ( 191) EV_CHECK2       ADD   R2 R0 #2
(314C) 6480  0110010010000000 ( 192)                 LDR   R2 R2 #0
(314D) 6480  0110010010000000 ( 193)                 LDR   R2 R2 #0
(314E) 1483  0001010010000011 ( 194)                 ADD   R2 R2 R3
(314F) 0A05  0000101000000101 ( 195)                 BRNP  EV_CHECK3
(3150) 1428  0001010000101000 ( 196)                 ADD   R2 R0 #8
(3151) 6480  0110010010000000 ( 197)                 LDR   R2 R2 #0
(3152) 6480  0110010010000000 ( 198)                 LDR   R2 R2 #0
(3153) 1483  0001010010000011 ( 199)                 ADD   R2 R2 R3
(3154) 0450  0000010001010000 ( 200)                 BRZ   EV_WINNER
(3155) 1421  0001010000100001 ( 201) EV_CHECK3       ADD   R2 R0 #1
(3156) 6480  0110010010000000 ( 202)                 LDR   R2 R2 #0
(3157) 6480  0110010010000000 ( 203)                 LDR   R2 R2 #0
(3158) 1483  0001010010000011 ( 204)                 ADD   R2 R2 R3
(3159) 0A05  0000101000000101 ( 205)                 BRNP  EV_CHECK4
(315A) 1429  0001010000101001 ( 206)                 ADD   R2 R0 #9
(315B) 6480  0110010010000000 ( 207)                 LDR   R2 R2 #0
(315C) 6480  0110010010000000 ( 208)                 LDR   R2 R2 #0
(315D) 1483  0001010010000011 ( 209)                 ADD   R2 R2 R3
(315E) 0446  0000010001000110 ( 210)                 BRZ   EV_WINNER
(315F) 1423  0001010000100011 ( 211) EV_CHECK4       ADD   R2 R0 #3
(3160) 6480  0110010010000000 ( 212)                 LDR   R2 R2 #0
(3161) 6480  0110010010000000 ( 213)                 LDR   R2 R2 #0
(3162) 1483  0001010010000011 ( 214)                 ADD   R2 R2 R3
(3163) 0A05  0000101000000101 ( 215)                 BRNP  EV_CHECK5
(3164) 1427  0001010000100111 ( 216)                 ADD   R2 R0 #7
(3165) 6480  0110010010000000 ( 217)                 LDR   R2 R2 #0
(3166) 6480  0110010010000000 ( 218)                 LDR   R2 R2 #0
(3167) 1483  0001010010000011 ( 219)                 ADD   R2 R2 R3
(3168) 043C  0000010000111100 ( 220)                 BRZ   EV_WINNER
(3169) 1421  0001010000100001 ( 221) EV_CHECK5       ADD   R2 R0 #1
(316A) 6480  0110010010000000 ( 222)                 LDR   R2 R2 #0
(316B) 6480  0110010010000000 ( 223)                 LDR   R2 R2 #0
(316C) 277F  0010011101111111 ( 224)                 LD    R3 NEG_ASCII_SP
(316D) 16C2  0001011011000010 ( 225)                 ADD   R3 R3 R2
(316E) 040C  0000010000001100 ( 226)                 BRZ   EV_CHECK6
(316F) 96BF  1001011010111111 ( 228)                 NOT   R3 R2
(3170) 16E1  0001011011100001 ( 229)                 ADD   R3 R3 #1
(3171) 1424  0001010000100100 ( 230)                 ADD   R2 R0 #4
(3172) 6480  0110010010000000 ( 231)                 LDR   R2 R2 #0
(3173) 6480  0110010010000000 ( 232)                 LDR   R2 R2 #0
(3174) 1483  0001010010000011 ( 233)                 ADD   R2 R2 R3
(3175) 0A05  0000101000000101 ( 234)                 BRNP  EV_CHECK6
(3176) 1427  0001010000100111 ( 235)                 ADD   R2 R0 #7
(3177) 6480  0110010010000000 ( 236)                 LDR   R2 R2 #0
(3178) 6480  0110010010000000 ( 237)                 LDR   R2 R2 #0
(3179) 1483  0001010010000011 ( 238)                 ADD   R2 R2 R3
(317A) 042A  0000010000101010 ( 239)                 BRZ   EV_WINNER
(317B) 1422  0001010000100010 ( 240) EV_CHECK6       ADD   R2 R0 #2
(317C) 6480  0110010010000000 ( 241)                 LDR   R2 R2 #0
(317D) 6480  0110010010000000 ( 242)                 LDR   R2 R2 #0
(317E) 1483  0001010010000011 ( 243)                 ADD   R2 R2 R3
(317F) 0A05  0000101000000101 ( 244)                 BRNP  EV_CHECK7
(3180) 1423  0001010000100011 ( 245)                 ADD   R2 R0 #3
(3181) 6480  0110010010000000 ( 246)                 LDR   R2 R2 #0
(3182) 6480  0110010010000000 ( 247)                 LDR   R2 R2 #0
(3183) 1483  0001010010000011 ( 248)                 ADD   R2 R2 R3
(3184) 0420  0000010000100000 ( 249)                 BRZ   EV_WINNER
(3185) 1429  0001010000101001 ( 250) EV_CHECK7       ADD   R2 R0 #9
(3186) 6480  0110010010000000 ( 251)                 LDR   R2 R2 #0
(3187) 6480  0110010010000000 ( 252)                 LDR   R2 R2 #0
(3188) 2763  0010011101100011 ( 253)                 LD    R3 NEG_ASCII_SP
(3189) 16C2  0001011011000010 ( 254)                 ADD   R3 R3 R2
(318A) 040C  0000010000001100 ( 255)                 BRZ   EV_CHECK8
(318B) 96BF  1001011010111111 ( 257)                 NOT   R3 R2
(318C) 16E1  0001011011100001 ( 258)                 ADD   R3 R3 #1
(318D) 1426  0001010000100110 ( 259)                 ADD   R2 R0 #6
(318E) 6480  0110010010000000 ( 260)                 LDR   R2 R2 #0
(318F) 6480  0110010010000000 ( 261)                 LDR   R2 R2 #0
(3190) 1483  0001010010000011 ( 262)                 ADD   R2 R2 R3
(3191) 0A05  0000101000000101 ( 263)                 BRNP  EV_CHECK8
(3192) 1423  0001010000100011 ( 264)                 ADD   R2 R0 #3
(3193) 6480  0110010010000000 ( 265)                 LDR   R2 R2 #0
(3194) 6480  0110010010000000 ( 266)                 LDR   R2 R2 #0
(3195) 1483  0001010010000011 ( 267)                 ADD   R2 R2 R3
(3196) 040E  0000010000001110 ( 268)                 BRZ   EV_WINNER
(3197) 1428  0001010000101000 ( 269) EV_CHECK8       ADD   R2 R0 #8
(3198) 6480  0110010010000000 ( 270)                 LDR   R2 R2 #0
(3199) 6480  0110010010000000 ( 271)                 LDR   R2 R2 #0
(319A) 1483  0001010010000011 ( 272)                 ADD   R2 R2 R3
(319B) 0A05  0000101000000101 ( 273)                 BRNP  EV_CHECKCAT
(319C) 1427  0001010000100111 ( 274)                 ADD   R2 R0 #7
(319D) 6480  0110010010000000 ( 275)                 LDR   R2 R2 #0
(319E) 6480  0110010010000000 ( 276)                 LDR   R2 R2 #0
(319F) 1483  0001010010000011 ( 277)                 ADD   R2 R2 R3
(31A0) 0404  0000010000000100 ( 278)                 BRZ   EV_WINNER
(31A1) 2411  0010010000010001 ( 282) EV_CHECKCAT     LD    R2 EV_FULLBOARD
(31A2) 0208  0000001000001000 ( 283)                 BRP   EV_EXIT
(31A3) 1263  0001001001100011 ( 284)                 ADD   R1 R1 #3
(31A4) 0E06  0000111000000110 ( 285)                 BRNZP EV_EXIT
(31A5) 2540  0010010101000000 ( 290) EV_WINNER       LD    R2 ASCII_X
(31A6) 1483  0001010010000011 ( 291)                 ADD   R2 R2 R3
(31A7) 0A02  0000101000000010 ( 292)                 BRNP  EV_O_WINS
(31A8) 1261  0001001001100001 ( 293)                 ADD   R1 R1 #1
(31A9) 0E01  0000111000000001 ( 294)                 BRNZP EV_EXIT
(31AA) 1262  0001001001100010 ( 295) EV_O_WINS       ADD   R1 R1 #2
(31AB) 2008  0010000000001000 ( 299) EV_EXIT         LD    R0 EV_R0
(31AC) 2408  0010010000001000 ( 300)                 LD    R2 EV_R2
(31AD) 2608  0010011000001000 ( 301)                 LD    R3 EV_R3
(31AE) 2808  0010100000001000 ( 302)                 LD    R4 EV_R4
(31AF) 2A08  0010101000001000 ( 303)                 LD    R5 EV_R5
(31B0) 2C08  0010110000001000 ( 304)                 LD    R6 EV_R6
(31B1) 2E08  0010111000001000 ( 305)                 LD    R7 EV_R7
(31B2) C1C0  1100000111000000 ( 306)                 RET   
(31B3) 0000  0000000000000000 ( 308) EV_FULLBOARD    .FILL x0000
(31B4) 0000  0000000000000000 ( 309) EV_R0           .FILL x0000
(31B5) 0000  0000000000000000 ( 310) EV_R2           .FILL x0000
(31B6) 0000  0000000000000000 ( 311) EV_R3           .FILL x0000
(31B7) 0000  0000000000000000 ( 312) EV_R4           .FILL x0000
(31B8) 0000  0000000000000000 ( 313) EV_R5           .FILL x0000
(31B9) 0000  0000000000000000 ( 314) EV_R6           .FILL x0000
(31BA) 0000  0000000000000000 ( 322) EV_R7           .FILL x0000
(31BB) 2034  0010000000110100 ( 322) INITBOARD       LD    R0 SQRCENTERS_ADDR
(31BC) 2422  0010010000100010 ( 323)                 LD    R2 IB_ASCII_SP
(31BD) 2234  0010001000110100 ( 325)                 LD    R1 ROW2_ADDR
(31BE) 1261  0001001001100001 ( 326)                 ADD   R1 R1 #1
(31BF) 7200  0111001000000000 ( 327)                 STR   R1 R0 #0
(31C0) 7440  0111010001000000 ( 328)                 STR   R2 R1 #0
(31C1) 1264  0001001001100100 ( 329)                 ADD   R1 R1 #4
(31C2) 7201  0111001000000001 ( 330)                 STR   R1 R0 #1
(31C3) 7440  0111010001000000 ( 331)                 STR   R2 R1 #0
(31C4) 1264  0001001001100100 ( 332)                 ADD   R1 R1 #4
(31C5) 7202  0111001000000010 ( 333)                 STR   R1 R0 #2
(31C6) 7440  0111010001000000 ( 334)                 STR   R2 R1 #0
(31C7) 222E  0010001000101110 ( 336)                 LD    R1 ROW6_ADDR
(31C8) 1261  0001001001100001 ( 337)                 ADD   R1 R1 #1
(31C9) 7203  0111001000000011 ( 338)                 STR   R1 R0 #3
(31CA) 7440  0111010001000000 ( 339)                 STR   R2 R1 #0
(31CB) 1264  0001001001100100 ( 340)                 ADD   R1 R1 #4
(31CC) 7204  0111001000000100 ( 341)                 STR   R1 R0 #4
(31CD) 7440  0111010001000000 ( 342)                 STR   R2 R1 #0
(31CE) 1264  0001001001100100 ( 343)                 ADD   R1 R1 #4
(31CF) 7205  0111001000000101 ( 344)                 STR   R1 R0 #5
(31D0) 7440  0111010001000000 ( 345)                 STR   R2 R1 #0
(31D1) 2228  0010001000101000 ( 347)                 LD    R1 ROW10_ADDR
(31D2) 1261  0001001001100001 ( 348)                 ADD   R1 R1 #1
(31D3) 7206  0111001000000110 ( 349)                 STR   R1 R0 #6
(31D4) 7440  0111010001000000 ( 350)                 STR   R2 R1 #0
(31D5) 1264  0001001001100100 ( 351)                 ADD   R1 R1 #4
(31D6) 7207  0111001000000111 ( 352)                 STR   R1 R0 #7
(31D7) 7440  0111010001000000 ( 353)                 STR   R2 R1 #0
(31D8) 1264  0001001001100100 ( 354)                 ADD   R1 R1 #4
(31D9) 7208  0111001000001000 ( 355)                 STR   R1 R0 #8
(31DA) 7440  0111010001000000 ( 356)                 STR   R2 R1 #0
(31DB) 54A0  0101010010100000 ( 360)                 AND   R2 R2 #0
(31DC) 14A1  0001010010100001 ( 361)                 ADD   R2 R2 #1
(31DD) 3402  0011010000000010 ( 362)                 ST    R2 PLAYER
(31DE) C1C0  1100000111000000 ( 363)                 RET   
(31DF) 0020  0000000000100000 ( 364) IB_ASCII_SP     .FILL x0020
(31E0) 0001  0000000000000001 ( 371) PLAYER          .FILL x0001
(31E1) 21FE  0010000111111110 ( 376) GETPLAYER       LD    R0 PLAYER
(31E2) 0402  0000010000000010 ( 377)                 BRZ   GP_O_TURN
(31E3) 2019  0010000000011001 ( 378)                 LD    R0 ASCII__X
(31E4) 0E01  0000111000000001 ( 379)                 BRNZP GP_DONE
(31E5) 2018  0010000000011000 ( 380) GP_O_TURN       LD    R0 ASCII__O
(31E6) C1C0  1100000111000000 ( 381) GP_DONE         RET   
(31E7) 0000  0000000000000000 ( 388) SQRCENTERS      .FILL x0000
(31E8) 0000  0000000000000000 ( 388)                 .FILL x0000
(31E9) 0000  0000000000000000 ( 388)                 .FILL x0000
(31EA) 0000  0000000000000000 ( 388)                 .FILL x0000
(31EB) 0000  0000000000000000 ( 388)                 .FILL x0000
(31EC) 0000  0000000000000000 ( 388)                 .FILL x0000
(31ED) 0000  0000000000000000 ( 388)                 .FILL x0000
(31EE) 0000  0000000000000000 ( 388)                 .FILL x0000
(31EF) 0000  0000000000000000 ( 388)                 .FILL x0000
(31F0) 31E7  0011000111100111 ( 388) SQRCENTERS_ADDR .FILL x31E7
(31F1) 302A  0011000000101010 ( 389) ROW1_ADDR       .FILL x302A
(31F2) 3036  0011000000110110 ( 390) ROW2_ADDR       .FILL x3036
(31F3) 3042  0011000001000010 ( 391) ROW3_ADDR       .FILL x3042
(31F4) 304E  0011000001001110 ( 392) ROW4_ADDR       .FILL x304E
(31F5) 305A  0011000001011010 ( 393) ROW5_ADDR       .FILL x305A
(31F6) 3066  0011000001100110 ( 394) ROW6_ADDR       .FILL x3066
(31F7) 3072  0011000001110010 ( 395) ROW7_ADDR       .FILL x3072
(31F8) 307E  0011000001111110 ( 396) ROW8_ADDR       .FILL x307E
(31F9) 308A  0011000010001010 ( 397) ROW9_ADDR       .FILL x308A
(31FA) 3096  0011000010010110 ( 398) ROW10_ADDR      .FILL x3096
(31FB) 30A2  0011000010100010 ( 399) ROW11_ADDR      .FILL x30A2
(31FC) 31E1  0011000111100001 ( 400) GETPLAYER_ADDR  .FILL x31E1
(31FD) 0058  0000000001011000 ( 401) ASCII__X        .FILL x0058
(31FE) 004F  0000000001001111 ( 402) ASCII__O        .FILL x004F
(31FF) 000A  0000000000001010 ( 403) NEW_LINE        .FILL x000A
(3200) 308E  0011000010001110 ( 415) UPDATEBOARD     ST    R0 GI_R0
(3201) 348E  0011010010001110 ( 416)                 ST    R2 GI_R2
(3202) 368E  0011011010001110 ( 417)                 ST    R3 GI_R3
(3203) 388E  0011100010001110 ( 418)                 ST    R4 GI_R4
(3204) 3E8E  0011111010001110 ( 419)                 ST    R7 GI_R7
(3205) 25F6  0010010111110110 ( 421)                 LD    R2 GETPLAYER_ADDR
(3206) 4080  0100000010000000 ( 422)                 JSRR  R2
(3207) 27E8  0010011111101000 ( 424)                 LD    R3 SQRCENTERS_ADDR
(3208) 16FF  0001011011111111 ( 425)                 ADD   R3 R3 #-1
(3209) 2880  0010100010000000 ( 427)                 LD    R4 GI_NEG_ASCII_0
(320A) 1444  0001010001000100 ( 428)                 ADD   R2 R1 R4
(320B) 16C2  0001011011000010 ( 429)                 ADD   R3 R3 R2
(320C) 66C0  0110011011000000 ( 430)                 LDR   R3 R3 #0
(320D) 70C0  0111000011000000 ( 431)                 STR   R0 R3 #0
(320E) 25D1  0010010111010001 ( 434)                 LD    R2 PLAYER
(320F) 0402  0000010000000010 ( 435)                 BRZ   UB_X_TURN
(3210) 54A0  0101010010100000 ( 436)                 AND   R2 R2 #0
(3211) 0E01  0000111000000001 ( 437)                 BRNZP UB_DONE
(3212) 14A1  0001010010100001 ( 438) UB_X_TURN       ADD   R2 R2 #1
(3213) 35CC  0011010111001100 ( 440) UB_DONE         ST    R2 PLAYER
(3214) 207A  0010000001111010 ( 441)                 LD    R0 GI_R0
(3215) 247A  0010010001111010 ( 442)                 LD    R2 GI_R2
(3216) 267A  0010011001111010 ( 443)                 LD    R3 GI_R3
(3217) 287A  0010100001111010 ( 444)                 LD    R4 GI_R4
(3218) 2E7A  0010111001111010 ( 445)                 LD    R7 GI_R7
(3219) C1C0  1100000111000000 ( 446)                 RET   
(321A) 3074  0011000001110100 ( 463) GETVALIDINPUT   ST    R0 GI_R0
(321B) 3474  0011010001110100 ( 464)                 ST    R2 GI_R2
(321C) 3674  0011011001110100 ( 465)                 ST    R3 GI_R3
(321D) 3874  0011100001110100 ( 466)                 ST    R4 GI_R4
(321E) 3E74  0011111001110100 ( 467)                 ST    R7 GI_R7
(321F) 25DC  0010010111011100 ( 474) GI_LOOP         LD    R2 GETPLAYER_ADDR
(3220) 4080  0100000010000000 ( 475)                 JSRR  R2
(3221) F021  1111000000100001 ( 483)                 TRAP  x21
(3222) E029  1110000000101001 ( 484)                 LEA   R0 GI_USERPROMPT
(3223) F022  1111000000100010 ( 485)                 TRAP  x22
(3224) F020  1111000000100000 ( 489)                 TRAP  x20
(3225) F021  1111000000100001 ( 490)                 TRAP  x21
(3226) 1220  0001001000100000 ( 491)                 ADD   R1 R0 #0
(3227) 5020  0101000000100000 ( 493)                 AND   R0 R0 #0
(3228) 102A  0001000000101010 ( 494)                 ADD   R0 R0 #10
(3229) F021  1111000000100001 ( 496)                 TRAP  x21
(322A) 285D  0010100001011101 ( 516)                 LD    R4 GI_NEG_ASCII_q
(322B) 1901  0001100100000001 ( 517)                 ADD   R4 R4 R1
(322C) 0416  0000010000010110 ( 518)                 BRZ   GI_DONE
(322D) 285B  0010100001011011 ( 522)                 LD    R4 GI_NEG_ASCII_x
(322E) 1901  0001100100000001 ( 523)                 ADD   R4 R4 R1
(322F) 0413  0000010000010011 ( 524)                 BRZ   GI_DONE
(3230) 285A  0010100001011010 ( 528)                 LD    R4 GI_NEG_ASCII_1
(3231) 1901  0001100100000001 ( 529)                 ADD   R4 R4 R1
(3232) 0816  0000100000010110 ( 530)                 BRN   GI_INVALID
(3233) 2858  0010100001011000 ( 534)                 LD    R4 GI_NEG_ASCII_9
(3234) 1901  0001100100000001 ( 535)                 ADD   R4 R4 R1
(3235) 0213  0000001000010011 ( 536)                 BRP   GI_INVALID
(3236) 27B9  0010011110111001 ( 544) GI_CHK_SQUARE   LD    R3 SQRCENTERS_ADDR
(3237) 16FF  0001011011111111 ( 545)                 ADD   R3 R3 #-1
(3238) 2851  0010100001010001 ( 547)                 LD    R4 GI_NEG_ASCII_0
(3239) 1444  0001010001000100 ( 548)                 ADD   R2 R1 R4
(323A) 16C2  0001011011000010 ( 549)                 ADD   R3 R3 R2
(323B) 66C0  0110011011000000 ( 551)                 LDR   R3 R3 #0
(323C) 66C0  0110011011000000 ( 552)                 LDR   R3 R3 #0
(323D) 284F  0010100001001111 ( 553)                 LD    R4 GI_NEG_ASCII_SP
(323E) 14C4  0001010011000100 ( 554)                 ADD   R2 R3 R4
(323F) 0403  0000010000000011 ( 555)                 BRZ   GI_DONE
(3240) E037  1110000000110111 ( 557)                 LEA   R0 GI_SPACE_OCP
(3241) F022  1111000000100010 ( 558)                 TRAP  x22
(3242) 03DC  0000001111011100 ( 559)                 BRP   GI_LOOP
(3243) 204B  0010000001001011 ( 561) GI_DONE         LD    R0 GI_R0
(3244) 244B  0010010001001011 ( 562)                 LD    R2 GI_R2
(3245) 264B  0010011001001011 ( 563)                 LD    R3 GI_R3
(3246) 284B  0010100001001011 ( 564)                 LD    R4 GI_R4
(3247) 2E4B  0010111001001011 ( 565)                 LD    R7 GI_R7
(3248) C1C0  1100000111000000 ( 566)                 RET   
(3249) E01F  1110000000011111 ( 569) GI_INVALID      LEA   R0 GI_INVALID_INP
(324A) F022  1111000000100010 ( 570)                 TRAP  x22
(324B) 0FD3  0000111111010011 ( 571)                 BRNZP GI_LOOP
(324C) 0020  0000000000100000 ( 573) GI_USERPROMPT   .FILL x0020
(324D) 002D  0000000000101101 ( 573)                 .FILL x002D
(324E) 0020  0000000000100000 ( 573)                 .FILL x0020
(324F) 0057  0000000001010111 ( 573)                 .FILL x0057
(3250) 0068  0000000001101000 ( 573)                 .FILL x0068
(3251) 0069  0000000001101001 ( 573)                 .FILL x0069
(3252) 0063  0000000001100011 ( 573)                 .FILL x0063
(3253) 0068  0000000001101000 ( 573)                 .FILL x0068
(3254) 0020  0000000000100000 ( 573)                 .FILL x0020
(3255) 0073  0000000001110011 ( 573)                 .FILL x0073
(3256) 0071  0000000001110001 ( 573)                 .FILL x0071
(3257) 0075  0000000001110101 ( 573)                 .FILL x0075
(3258) 0061  0000000001100001 ( 573)                 .FILL x0061
(3259) 0072  0000000001110010 ( 573)                 .FILL x0072
(325A) 0065  0000000001100101 ( 573)                 .FILL x0065
(325B) 003F  0000000000111111 ( 573)                 .FILL x003F
(325C) 0020  0000000000100000 ( 573)                 .FILL x0020
(325D) 005B  0000000001011011 ( 573)                 .FILL x005B
(325E) 0031  0000000000110001 ( 573)                 .FILL x0031
(325F) 002D  0000000000101101 ( 573)                 .FILL x002D
(3260) 0039  0000000000111001 ( 573)                 .FILL x0039
(3261) 002C  0000000000101100 ( 573)                 .FILL x002C
(3262) 0071  0000000001110001 ( 573)                 .FILL x0071
(3263) 002C  0000000000101100 ( 573)                 .FILL x002C
(3264) 0078  0000000001111000 ( 573)                 .FILL x0078
(3265) 005D  0000000001011101 ( 573)                 .FILL x005D
(3266) 003A  0000000000111010 ( 573)                 .FILL x003A
(3267) 0020  0000000000100000 ( 573)                 .FILL x0020
(3268) 0000  0000000000000000 ( 573)                 .FILL x0000
(3269) 0049  0000000001001001 ( 574) GI_INVALID_INP  .FILL x0049
(326A) 006E  0000000001101110 ( 574)                 .FILL x006E
(326B) 0076  0000000001110110 ( 574)                 .FILL x0076
(326C) 0061  0000000001100001 ( 574)                 .FILL x0061
(326D) 006C  0000000001101100 ( 574)                 .FILL x006C
(326E) 0069  0000000001101001 ( 574)                 .FILL x0069
(326F) 0064  0000000001100100 ( 574)                 .FILL x0064
(3270) 0020  0000000000100000 ( 574)                 .FILL x0020
(3271) 0069  0000000001101001 ( 574)                 .FILL x0069
(3272) 006E  0000000001101110 ( 574)                 .FILL x006E
(3273) 0070  0000000001110000 ( 574)                 .FILL x0070
(3274) 0075  0000000001110101 ( 574)                 .FILL x0075
(3275) 0074  0000000001110100 ( 574)                 .FILL x0074
(3276) 000A  0000000000001010 ( 574)                 .FILL x000A
(3277) 0000  0000000000000000 ( 574)                 .FILL x0000
(3278) 0053  0000000001010011 ( 575) GI_SPACE_OCP    .FILL x0053
(3279) 0070  0000000001110000 ( 575)                 .FILL x0070
(327A) 0061  0000000001100001 ( 575)                 .FILL x0061
(327B) 0063  0000000001100011 ( 575)                 .FILL x0063
(327C) 0065  0000000001100101 ( 575)                 .FILL x0065
(327D) 0020  0000000000100000 ( 575)                 .FILL x0020
(327E) 006F  0000000001101111 ( 575)                 .FILL x006F
(327F) 0063  0000000001100011 ( 575)                 .FILL x0063
(3280) 0063  0000000001100011 ( 575)                 .FILL x0063
(3281) 0075  0000000001110101 ( 575)                 .FILL x0075
(3282) 0070  0000000001110000 ( 575)                 .FILL x0070
(3283) 0069  0000000001101001 ( 575)                 .FILL x0069
(3284) 0065  0000000001100101 ( 575)                 .FILL x0065
(3285) 0064  0000000001100100 ( 575)                 .FILL x0064
(3286) 000A  0000000000001010 ( 575)                 .FILL x000A
(3287) 0000  0000000000000000 ( 575)                 .FILL x0000
(3288) FF8F  1111111110001111 ( 577) GI_NEG_ASCII_q  .FILL xFF8F
(3289) FF88  1111111110001000 ( 578) GI_NEG_ASCII_x  .FILL xFF88
(328A) FFD0  1111111111010000 ( 579) GI_NEG_ASCII_0  .FILL xFFD0
(328B) FFCF  1111111111001111 ( 580) GI_NEG_ASCII_1  .FILL xFFCF
(328C) FFC7  1111111111000111 ( 581) GI_NEG_ASCII_9  .FILL xFFC7
(328D) FFE0  1111111111100000 ( 582) GI_NEG_ASCII_SP .FILL xFFE0
(328E) 0078  0000000001111000 ( 583) GI_ASCII_x      .FILL x0078
(328F) 0000  0000000000000000 ( 585) GI_R0           .FILL x0000
(3290) 0000  0000000000000000 ( 586) GI_R2           .FILL x0000
(3291) 0000  0000000000000000 ( 587) GI_R3           .FILL x0000
(3292) 0000  0000000000000000 ( 588) GI_R4           .FILL x0000
(3293) 0000  0000000000000000 ( 597) GI_R7           .FILL x0000
(3294) 31FA  0011000111111010 ( 603) DRAWBOARD       ST    R0 GI_R0
(3295) 35FA  0011010111111010 ( 604)                 ST    R2 GI_R2
(3296) 3FFC  0011111111111100 ( 605)                 ST    R7 GI_R7
(3297) E41B  1110010000011011 ( 609)                 LEA   R2 PRINTLN
(3298) 2158  0010000101011000 ( 611)                 LD    R0 ROW1_ADDR
(3299) 4080  0100000010000000 ( 612)                 JSRR  R2
(329A) 2157  0010000101010111 ( 614)                 LD    R0 ROW2_ADDR
(329B) 4080  0100000010000000 ( 615)                 JSRR  R2
(329C) 2156  0010000101010110 ( 617)                 LD    R0 ROW3_ADDR
(329D) 4080  0100000010000000 ( 618)                 JSRR  R2
(329E) 2155  0010000101010101 ( 620)                 LD    R0 ROW4_ADDR
(329F) 4080  0100000010000000 ( 621)                 JSRR  R2
(32A0) 2154  0010000101010100 ( 623)                 LD    R0 ROW5_ADDR
(32A1) 4080  0100000010000000 ( 624)                 JSRR  R2
(32A2) 2153  0010000101010011 ( 626)                 LD    R0 ROW6_ADDR
(32A3) 4080  0100000010000000 ( 627)                 JSRR  R2
(32A4) 2152  0010000101010010 ( 629)                 LD    R0 ROW7_ADDR
(32A5) 4080  0100000010000000 ( 630)                 JSRR  R2
(32A6) 2151  0010000101010001 ( 632)                 LD    R0 ROW8_ADDR
(32A7) 4080  0100000010000000 ( 633)                 JSRR  R2
(32A8) 2150  0010000101010000 ( 635)                 LD    R0 ROW9_ADDR
(32A9) 4080  0100000010000000 ( 636)                 JSRR  R2
(32AA) 214F  0010000101001111 ( 638)                 LD    R0 ROW10_ADDR
(32AB) 4080  0100000010000000 ( 639)                 JSRR  R2
(32AC) 214E  0010000101001110 ( 641)                 LD    R0 ROW11_ADDR
(32AD) 4080  0100000010000000 ( 642)                 JSRR  R2
(32AE) 21E0  0010000111100000 ( 647)                 LD    R0 GI_R0
(32AF) 25E0  0010010111100000 ( 648)                 LD    R2 GI_R2
(32B0) 2FE2  0010111111100010 ( 649)                 LD    R7 GI_R7
(32B1) C1C0  1100000111000000 ( 651)                 RET   
(32B2) 0000  0000000000000000 ( 655) NL_R7           .FILL x0000
(32B3) 3FFE  0011111111111110 ( 656) PRINTLN         ST    R7 NL_R7
(32B4) F022  1111000000100010 ( 657)                 TRAP  x22
(32B5) 5020  0101000000100000 ( 658)                 AND   R0 R0 #0
(32B6) 102A  0001000000101010 ( 659)                 ADD   R0 R0 #10
(32B7) F021  1111000000100001 ( 660)                 TRAP  x21
(32B8) 2FF9  0010111111111001 ( 661)                 LD    R7 NL_R7
(32B9) C1C0  1100000111000000 ( 662)                 RET   
(32BA) 31D4  0011000111010100 ( 681) PRINTOUTCOME    ST    R0 GI_R0
(32BB) 39D6  0011100111010110 ( 682)                 ST    R4 GI_R4
(32BC) 3FD6  0011111111010110 ( 683)                 ST    R7 GI_R7
(32BD) 2818  0010100000011000 ( 687) O_X             LD    R4 OC_CHECK_X
(32BE) 1901  0001100100000001 ( 688)                 ADD   R4 R4 R1
(32BF) 0A03  0000101000000011 ( 689)                 BRNP  O_O
(32C0) E018  1110000000011000 ( 690)                 LEA   R0 OC_X
(32C1) F022  1111000000100010 ( 691)                 TRAP  x22
(32C2) 0E0C  0000111000001100 ( 692)                 BRNZP O_END
(32C3) 2813  0010100000010011 ( 694) O_O             LD    R4 OC_CHECK_O
(32C4) 1901  0001100100000001 ( 695)                 ADD   R4 R4 R1
(32C5) 0A03  0000101000000011 ( 696)                 BRNP  O_CAT
(32C6) E019  1110000000011001 ( 697)                 LEA   R0 OC_O
(32C7) F022  1111000000100010 ( 698)                 TRAP  x22
(32C8) 0E06  0000111000000110 ( 699)                 BRNZP O_END
(32C9) 280E  0010100000001110 ( 701) O_CAT           LD    R4 OC_CHECK_CAT
(32CA) 1901  0001100100000001 ( 702)                 ADD   R4 R4 R1
(32CB) 0A03  0000101000000011 ( 703)                 BRNP  O_END
(32CC) E01A  1110000000011010 ( 704)                 LEA   R0 OC_CAT
(32CD) F022  1111000000100010 ( 705)                 TRAP  x22
(32CE) 0E00  0000111000000000 ( 706)                 BRNZP O_END
(32CF) 5020  0101000000100000 ( 710) O_END           AND   R0 R0 #0
(32D0) 102A  0001000000101010 ( 711)                 ADD   R0 R0 #10
(32D1) F021  1111000000100001 ( 712)                 TRAP  x21
(32D2) 21BC  0010000110111100 ( 715)                 LD    R0 GI_R0
(32D3) 29BE  0010100110111110 ( 716)                 LD    R4 GI_R4
(32D4) 2FBE  0010111110111110 ( 717)                 LD    R7 GI_R7
(32D5) C1C0  1100000111000000 ( 719)                 RET   
(32D6) FFFF  1111111111111111 ( 721) OC_CHECK_X      .FILL xFFFF
(32D7) FFFE  1111111111111110 ( 722) OC_CHECK_O      .FILL xFFFE
(32D8) FFFD  1111111111111101 ( 723) OC_CHECK_CAT    .FILL xFFFD
(32D9) 0058  0000000001011000 ( 725) OC_X            .FILL x0058
(32DA) 0020  0000000000100000 ( 725)                 .FILL x0020
(32DB) 0077  0000000001110111 ( 725)                 .FILL x0077
(32DC) 0069  0000000001101001 ( 725)                 .FILL x0069
(32DD) 006E  0000000001101110 ( 725)                 .FILL x006E
(32DE) 0073  0000000001110011 ( 725)                 .FILL x0073
(32DF) 0000  0000000000000000 ( 725)                 .FILL x0000
(32E0) 004F  0000000001001111 ( 726) OC_O            .FILL x004F
(32E1) 0020  0000000000100000 ( 726)                 .FILL x0020
(32E2) 0077  0000000001110111 ( 726)                 .FILL x0077
(32E3) 0069  0000000001101001 ( 726)                 .FILL x0069
(32E4) 006E  0000000001101110 ( 726)                 .FILL x006E
(32E5) 0073  0000000001110011 ( 726)                 .FILL x0073
(32E6) 0000  0000000000000000 ( 726)                 .FILL x0000
(32E7) 0043  0000000001000011 ( 727) OC_CAT          .FILL x0043
(32E8) 0061  0000000001100001 ( 727)                 .FILL x0061
(32E9) 0074  0000000001110100 ( 727)                 .FILL x0074
(32EA) 0020  0000000000100000 ( 727)                 .FILL x0020
(32EB) 0047  0000000001000111 ( 727)                 .FILL x0047
(32EC) 0061  0000000001100001 ( 727)                 .FILL x0061
(32ED) 006D  0000000001101101 ( 727)                 .FILL x006D
(32EE) 0065  0000000001100101 ( 727)                 .FILL x0065
(32EF) 0000  0000000000000000 ( 727)                 .FILL x0000
