(0000) 3000  0011000000000000 (  46)                 .ORIG x3000
(3000) 54A0  0101010010100000 (  47)                 AND   R2 R2 #0
(3001) E242  1110001001000010 (  51) OUTERLOOP       LEA   R1 BUFF
(3002) E621  1110011000100001 (  52)                 LEA   R3 SIZE
(3003) 7440  0111010001000000 (  56) RESET           STR   R2 R1 #0
(3004) 1261  0001001001100001 (  57)                 ADD   R1 R1 #1
(3005) 16FF  0001011011111111 (  58)                 ADD   R3 R3 #-1
(3006) 07FC  0000011111111100 (  59)                 BRZP  RESET
(3007) E01D  1110000000011101 (  61)                 LEA   R0 PROMPT
(3008) F022  1111000000100010 (  62)                 TRAP  x22
(3009) E23A  1110001000111010 (  64)                 LEA   R1 BUFF
(300A) F020  1111000000100000 (  68) INNER           TRAP  x20
(300B) F021  1111000000100001 (  69)                 TRAP  x21
(300C) 1836  0001100000110110 (  70)                 ADD   R4 R0 #-10
(300D) 0403  0000010000000011 (  71)                 BRZ   INNEREND
(300E) 7040  0111000001000000 (  72)                 STR   R0 R1 #0
(300F) 1261  0001001001100001 (  73)                 ADD   R1 R1 #1
(3010) 0FF9  0000111111111001 (  74)                 BRNZP INNER
(3011) E022  1110000000100010 (  78) INNEREND        LEA   R0 RESPON
(3012) F022  1111000000100010 (  79)                 TRAP  x22
(3013) E030  1110000000110000 (  81)                 LEA   R0 BUFF
(3014) 1021  0001000000100001 (  82)                 ADD   R0 R0 #1
(3015) F022  1111000000100010 (  83)                 TRAP  x22
(3016) E22D  1110001000101101 (  85)                 LEA   R1 BUFF
(3017) E60C  1110011000001100 (  86)                 LEA   R3 SIZE
(3018) 1261  0001001001100001 (  87)                 ADD   R1 R1 #1
(3019) 16FF  0001011011111111 (  88)                 ADD   R3 R3 #-1
(301A) 7440  0111010001000000 (  92) CLEAN           STR   R2 R1 #0
(301B) 1261  0001001001100001 (  93)                 ADD   R1 R1 #1
(301C) 16FF  0001011011111111 (  94)                 ADD   R3 R3 #-1
(301D) 07FC  0000011111111100 (  95)                 BRZP  CLEAN
(301E) E025  1110000000100101 (  99) CLEANEND        LEA   R0 BUFF
(301F) F022  1111000000100010 ( 100)                 TRAP  x22
(3020) E01F  1110000000011111 ( 102)                 LEA   R0 AFFIX
(3021) F022  1111000000100010 ( 103)                 TRAP  x22
(3022) 0FDE  0000111111011110 ( 105)                 BRNZP OUTERLOOP
(3023) F025  1111000000100101 ( 107)                 TRAP  x25
(3024) 0014  0000000000010100 ( 113) SIZE            .FILL x0014
(3025) 0045  0000000001000101 ( 114) PROMPT          .FILL x0045
(3026) 006E  0000000001101110 ( 114)                 .FILL x006E
(3027) 0067  0000000001100111 ( 114)                 .FILL x0067
(3028) 006C  0000000001101100 ( 114)                 .FILL x006C
(3029) 0069  0000000001101001 ( 114)                 .FILL x0069
(302A) 0073  0000000001110011 ( 114)                 .FILL x0073
(302B) 0068  0000000001101000 ( 114)                 .FILL x0068
(302C) 0020  0000000000100000 ( 114)                 .FILL x0020
(302D) 0057  0000000001010111 ( 114)                 .FILL x0057
(302E) 006F  0000000001101111 ( 114)                 .FILL x006F
(302F) 0072  0000000001110010 ( 114)                 .FILL x0072
(3030) 0064  0000000001100100 ( 114)                 .FILL x0064
(3031) 003A  0000000000111010 ( 114)                 .FILL x003A
(3032) 0020  0000000000100000 ( 114)                 .FILL x0020
(3033) 0000  0000000000000000 ( 114)                 .FILL x0000
(3034) 0050  0000000001010000 ( 115) RESPON          .FILL x0050
(3035) 0069  0000000001101001 ( 115)                 .FILL x0069
(3036) 0067  0000000001100111 ( 115)                 .FILL x0067
(3037) 002D  0000000000101101 ( 115)                 .FILL x002D
(3038) 004C  0000000001001100 ( 115)                 .FILL x004C
(3039) 0061  0000000001100001 ( 115)                 .FILL x0061
(303A) 0074  0000000001110100 ( 115)                 .FILL x0074
(303B) 0069  0000000001101001 ( 115)                 .FILL x0069
(303C) 006E  0000000001101110 ( 115)                 .FILL x006E
(303D) 003A  0000000000111010 ( 115)                 .FILL x003A
(303E) 0020  0000000000100000 ( 115)                 .FILL x0020
(303F) 0000  0000000000000000 ( 115)                 .FILL x0000
(3040) 0061  0000000001100001 ( 116) AFFIX           .FILL x0061
(3041) 0079  0000000001111001 ( 116)                 .FILL x0079
(3042) 000A  0000000000001010 ( 116)                 .FILL x000A
(3043) 0000  0000000000000000 ( 116)                 .FILL x0000
(3044) 0000  0000000000000000 ( 119) BUFF            .FILL x0000
(3045) 0000  0000000000000000 ( 119)                 .FILL x0000
(3046) 0000  0000000000000000 ( 119)                 .FILL x0000
(3047) 0000  0000000000000000 ( 119)                 .FILL x0000
(3048) 0000  0000000000000000 ( 119)                 .FILL x0000
(3049) 0000  0000000000000000 ( 119)                 .FILL x0000
(304A) 0000  0000000000000000 ( 119)                 .FILL x0000
(304B) 0000  0000000000000000 ( 119)                 .FILL x0000
(304C) 0000  0000000000000000 ( 119)                 .FILL x0000
(304D) 0000  0000000000000000 ( 119)                 .FILL x0000
(304E) 0000  0000000000000000 ( 119)                 .FILL x0000
(304F) 0000  0000000000000000 ( 119)                 .FILL x0000
(3050) 0000  0000000000000000 ( 119)                 .FILL x0000
(3051) 0000  0000000000000000 ( 119)                 .FILL x0000
(3052) 0000  0000000000000000 ( 119)                 .FILL x0000
(3053) 0000  0000000000000000 ( 119)                 .FILL x0000
(3054) 0000  0000000000000000 ( 119)                 .FILL x0000
(3055) 0000  0000000000000000 ( 119)                 .FILL x0000
(3056) 0000  0000000000000000 ( 119)                 .FILL x0000
(3057) 0000  0000000000000000 ( 119)                 .FILL x0000
