(0000) 3000  0011000000000000 (   1)                 .ORIG x3000
(3000) 321B  0011001000011011 (   2) START           ST    R1 SaveR1
(3001) 341B  0011010000011011 (   3)                 ST    R2 SaveR2
(3002) 361B  0011011000011011 (   4)                 ST    R3 SaveR3
(3003) 241F  0010010000011111 (   6)                 LD    R2 Newline
(3004) A61A  1010011000011010 (   7) L1              LDI   R3 DSR
(3005) 07FE  0000011111111110 (   8)                 BRZP  L1
(3006) B419  1011010000011001 (   9)                 STI   R2 DDR
(3007) E21C  1110001000011100 (  11)                 LEA   R1 Prompt
(3008) 6040  0110000001000000 (  12) Loop            LDR   R0 R1 #0
(3009) 0405  0000010000000101 (  13)                 BRZ   Input
(300A) A614  1010011000010100 (  14) L2              LDI   R3 DSR
(300B) 07FE  0000011111111110 (  15)                 BRZP  L2
(300C) B013  1011000000010011 (  16)                 STI   R0 DDR
(300D) 1261  0001001001100001 (  17)                 ADD   R1 R1 #1
(300E) 0FF9  0000111111111001 (  18)                 BRNZP Loop
(300F) A611  1010011000010001 (  20) Input           LDI   R3 KBSR
(3010) 07FE  0000011111111110 (  21)                 BRZP  Input
(3011) A010  1010000000010000 (  22)                 LDI   R0 KBDR
(3012) A60C  1010011000001100 (  23) L3              LDI   R3 DSR
(3013) 07FE  0000011111111110 (  24)                 BRZP  L3
(3014) B00B  1011000000001011 (  25)                 STI   R0 DDR
(3015) A609  1010011000001001 (  27) L4              LDI   R3 DSR
(3016) 07FE  0000011111111110 (  28)                 BRZP  L4
(3017) B408  1011010000001000 (  29)                 STI   R2 DDR
(3018) 2203  0010001000000011 (  30)                 LD    R1 SaveR1
(3019) 2403  0010010000000011 (  31)                 LD    R2 SaveR2
(301A) 2603  0010011000000011 (  32)                 LD    R3 SaveR3
(301B) 0E1B  0000111000011011 (  33)                 BRNZP NEXT
(301C) 0000  0000000000000000 (  36) SaveR1          .FILL x0000
(301D) 0000  0000000000000000 (  37) SaveR2          .FILL x0000
(301E) 0000  0000000000000000 (  38) SaveR3          .FILL x0000
(301F) FE04  1111111000000100 (  38) DSR             .FILL xFE04
(3020) FE06  1111111000000110 (  39) DDR             .FILL xFE06
(3021) FE00  1111111000000000 (  40) KBSR            .FILL xFE00
(3022) FE02  1111111000000010 (  41) KBDR            .FILL xFE02
(3023) 000A  0000000000001010 (  42) Newline         .FILL x000A
(3024) 0049  0000000001001001 (  43) Prompt          .FILL x0049
(3025) 006E  0000000001101110 (  43)                 .FILL x006E
(3026) 0070  0000000001110000 (  43)                 .FILL x0070
(3027) 0075  0000000001110101 (  43)                 .FILL x0075
(3028) 0074  0000000001110100 (  43)                 .FILL x0074
(3029) 0020  0000000000100000 (  43)                 .FILL x0020
(302A) 0061  0000000001100001 (  43)                 .FILL x0061
(302B) 0020  0000000000100000 (  43)                 .FILL x0020
(302C) 0063  0000000001100011 (  43)                 .FILL x0063
(302D) 0068  0000000001101000 (  43)                 .FILL x0068
(302E) 0061  0000000001100001 (  43)                 .FILL x0061
(302F) 0072  0000000001110010 (  43)                 .FILL x0072
(3030) 0061  0000000001100001 (  43)                 .FILL x0061
(3031) 0063  0000000001100011 (  43)                 .FILL x0063
(3032) 0074  0000000001110100 (  43)                 .FILL x0074
(3033) 0065  0000000001100101 (  43)                 .FILL x0065
(3034) 0072  0000000001110010 (  43)                 .FILL x0072
(3035) 003E  0000000000111110 (  43)                 .FILL x003E
(3036) 0000  0000000000000000 (  43)                 .FILL x0000
(3037) F025  1111000000100101 (  45) NEXT            TRAP  x25
